2022-09-06 11:48:44 {restartedMain} ERROR %PARSER_ERROR[logger] - Application run failed
java.lang.IllegalStateException: java.lang.IllegalStateException: Logback configuration error detected: 
ERROR in ch.qos.logback.core.pattern.parser.Compiler@63a9fcd8 - Failed to instantiate converter class [ch.qos.logback.classic.pattern.LoggerConverter] as a composite converter for keyword [logger] ch.qos.logback.core.util.IncompatibleClassException
ERROR in ch.qos.logback.core.pattern.parser.Compiler@63a9fcd8 - Failed to create converter for [%logger] keyword
ERROR in ch.qos.logback.core.pattern.parser.Compiler@4d631305 - Failed to instantiate converter class [ch.qos.logback.classic.pattern.LoggerConverter] as a composite converter for keyword [logger] ch.qos.logback.core.util.IncompatibleClassException
ERROR in ch.qos.logback.core.pattern.parser.Compiler@4d631305 - Failed to create converter for [%logger] keyword
ERROR in ch.qos.logback.core.pattern.parser.Compiler@1d78f119 - Failed to instantiate converter class [ch.qos.logback.classic.pattern.LoggerConverter] as a composite converter for keyword [logger] ch.qos.logback.core.util.IncompatibleClassException
ERROR in ch.qos.logback.core.pattern.parser.Compiler@1d78f119 - Failed to create converter for [%logger] keyword
	at org.springframework.boot.context.logging.LoggingApplicationListener.initializeSystem(LoggingApplicationListener.java:344)
	at org.springframework.boot.context.logging.LoggingApplicationListener.initialize(LoggingApplicationListener.java:298)
	at org.springframework.boot.context.logging.LoggingApplicationListener.onApplicationEnvironmentPreparedEvent(LoggingApplicationListener.java:246)
	at org.springframework.boot.context.logging.LoggingApplicationListener.onApplicationEvent(LoggingApplicationListener.java:223)
	at org.springframework.context.event.SimpleApplicationEventMulticaster.doInvokeListener(SimpleApplicationEventMulticaster.java:176)
	at org.springframework.context.event.SimpleApplicationEventMulticaster.invokeListener(SimpleApplicationEventMulticaster.java:169)
	at org.springframework.context.event.SimpleApplicationEventMulticaster.multicastEvent(SimpleApplicationEventMulticaster.java:143)
	at org.springframework.context.event.SimpleApplicationEventMulticaster.multicastEvent(SimpleApplicationEventMulticaster.java:131)
	at org.springframework.boot.context.event.EventPublishingRunListener.environmentPrepared(EventPublishingRunListener.java:85)
	at org.springframework.boot.SpringApplicationRunListeners.lambda$environmentPrepared$2(SpringApplicationRunListeners.java:66)
	at java.util.ArrayList.forEach(ArrayList.java:1257)
	at org.springframework.boot.SpringApplicationRunListeners.doWithListeners(SpringApplicationRunListeners.java:120)
	at org.springframework.boot.SpringApplicationRunListeners.doWithListeners(SpringApplicationRunListeners.java:114)
	at org.springframework.boot.SpringApplicationRunListeners.environmentPrepared(SpringApplicationRunListeners.java:65)
	at org.springframework.boot.SpringApplication.prepareEnvironment(SpringApplication.java:344)
	at org.springframework.boot.SpringApplication.run(SpringApplication.java:302)
	at org.springframework.boot.SpringApplication.run(SpringApplication.java:1306)
	at org.springframework.boot.SpringApplication.run(SpringApplication.java:1295)
	at com.logging.springbootlogging.SpringBootLoggingApplication.main(SpringBootLoggingApplication.java:25)
	at sun.reflect.NativeMethodAccessorImpl.invoke0(Native Method)
	at sun.reflect.NativeMethodAccessorImpl.invoke(NativeMethodAccessorImpl.java:62)
	at sun.reflect.DelegatingMethodAccessorImpl.invoke(DelegatingMethodAccessorImpl.java:43)
	at java.lang.reflect.Method.invoke(Method.java:498)
	at org.springframework.boot.devtools.restart.RestartLauncher.run(RestartLauncher.java:49)
Caused by: java.lang.IllegalStateException: Logback configuration error detected: 
ERROR in ch.qos.logback.core.pattern.parser.Compiler@63a9fcd8 - Failed to instantiate converter class [ch.qos.logback.classic.pattern.LoggerConverter] as a composite converter for keyword [logger] ch.qos.logback.core.util.IncompatibleClassException
ERROR in ch.qos.logback.core.pattern.parser.Compiler@63a9fcd8 - Failed to create converter for [%logger] keyword
ERROR in ch.qos.logback.core.pattern.parser.Compiler@4d631305 - Failed to instantiate converter class [ch.qos.logback.classic.pattern.LoggerConverter] as a composite converter for keyword [logger] ch.qos.logback.core.util.IncompatibleClassException
ERROR in ch.qos.logback.core.pattern.parser.Compiler@4d631305 - Failed to create converter for [%logger] keyword
ERROR in ch.qos.logback.core.pattern.parser.Compiler@1d78f119 - Failed to instantiate converter class [ch.qos.logback.classic.pattern.LoggerConverter] as a composite converter for keyword [logger] ch.qos.logback.core.util.IncompatibleClassException
ERROR in ch.qos.logback.core.pattern.parser.Compiler@1d78f119 - Failed to create converter for [%logger] keyword
	at org.springframework.boot.logging.logback.LogbackLoggingSystem.loadConfiguration(LogbackLoggingSystem.java:179)
	at org.springframework.boot.logging.AbstractLoggingSystem.initializeWithConventions(AbstractLoggingSystem.java:80)
	at org.springframework.boot.logging.AbstractLoggingSystem.initialize(AbstractLoggingSystem.java:60)
	at org.springframework.boot.logging.logback.LogbackLoggingSystem.initialize(LogbackLoggingSystem.java:132)
	at org.springframework.boot.context.logging.LoggingApplicationListener.initializeSystem(LoggingApplicationListener.java:329)
	... 23 common frames omitted
2022-09-06 11:48:48 {restartedMain} ERROR %PARSER_ERROR[logger] - Application run failed
java.lang.IllegalStateException: java.lang.IllegalStateException: Logback configuration error detected: 
ERROR in ch.qos.logback.core.pattern.parser.Compiler@2ed94a8b - Failed to instantiate converter class [ch.qos.logback.classic.pattern.LoggerConverter] as a composite converter for keyword [logger] ch.qos.logback.core.util.IncompatibleClassException
ERROR in ch.qos.logback.core.pattern.parser.Compiler@2ed94a8b - Failed to create converter for [%logger] keyword
ERROR in ch.qos.logback.core.pattern.parser.Compiler@42d3bd8b - Failed to instantiate converter class [ch.qos.logback.classic.pattern.LoggerConverter] as a composite converter for keyword [logger] ch.qos.logback.core.util.IncompatibleClassException
ERROR in ch.qos.logback.core.pattern.parser.Compiler@42d3bd8b - Failed to create converter for [%logger] keyword
ERROR in ch.qos.logback.core.pattern.parser.Compiler@3b81a1bc - Failed to instantiate converter class [ch.qos.logback.classic.pattern.LoggerConverter] as a composite converter for keyword [logger] ch.qos.logback.core.util.IncompatibleClassException
ERROR in ch.qos.logback.core.pattern.parser.Compiler@3b81a1bc - Failed to create converter for [%logger] keyword
ERROR in ch.qos.logback.core.pattern.parser.Compiler@684dd7a1 - Failed to instantiate converter class [ch.qos.logback.classic.pattern.LoggerConverter] as a composite converter for keyword [logger] ch.qos.logback.core.util.IncompatibleClassException
ERROR in ch.qos.logback.core.pattern.parser.Compiler@684dd7a1 - Failed to create converter for [%logger] keyword
ERROR in ch.qos.logback.core.pattern.parser.Compiler@2ebee7e2 - Failed to instantiate converter class [ch.qos.logback.classic.pattern.LoggerConverter] as a composite converter for keyword [logger] ch.qos.logback.core.util.IncompatibleClassException
ERROR in ch.qos.logback.core.pattern.parser.Compiler@2ebee7e2 - Failed to create converter for [%logger] keyword
ERROR in ch.qos.logback.core.pattern.parser.Compiler@2bb62b58 - Failed to instantiate converter class [ch.qos.logback.classic.pattern.LoggerConverter] as a composite converter for keyword [logger] ch.qos.logback.core.util.IncompatibleClassException
ERROR in ch.qos.logback.core.pattern.parser.Compiler@2bb62b58 - Failed to create converter for [%logger] keyword
	at org.springframework.boot.context.logging.LoggingApplicationListener.initializeSystem(LoggingApplicationListener.java:344)
	at org.springframework.boot.context.logging.LoggingApplicationListener.initialize(LoggingApplicationListener.java:298)
	at org.springframework.boot.context.logging.LoggingApplicationListener.onApplicationEnvironmentPreparedEvent(LoggingApplicationListener.java:246)
	at org.springframework.boot.context.logging.LoggingApplicationListener.onApplicationEvent(LoggingApplicationListener.java:223)
	at org.springframework.context.event.SimpleApplicationEventMulticaster.doInvokeListener(SimpleApplicationEventMulticaster.java:176)
	at org.springframework.context.event.SimpleApplicationEventMulticaster.invokeListener(SimpleApplicationEventMulticaster.java:169)
	at org.springframework.context.event.SimpleApplicationEventMulticaster.multicastEvent(SimpleApplicationEventMulticaster.java:143)
	at org.springframework.context.event.SimpleApplicationEventMulticaster.multicastEvent(SimpleApplicationEventMulticaster.java:131)
	at org.springframework.boot.context.event.EventPublishingRunListener.environmentPrepared(EventPublishingRunListener.java:85)
	at org.springframework.boot.SpringApplicationRunListeners.lambda$environmentPrepared$2(SpringApplicationRunListeners.java:66)
	at java.util.ArrayList.forEach(ArrayList.java:1257)
	at org.springframework.boot.SpringApplicationRunListeners.doWithListeners(SpringApplicationRunListeners.java:120)
	at org.springframework.boot.SpringApplicationRunListeners.doWithListeners(SpringApplicationRunListeners.java:114)
	at org.springframework.boot.SpringApplicationRunListeners.environmentPrepared(SpringApplicationRunListeners.java:65)
	at org.springframework.boot.SpringApplication.prepareEnvironment(SpringApplication.java:344)
	at org.springframework.boot.SpringApplication.run(SpringApplication.java:302)
	at org.springframework.boot.SpringApplication.run(SpringApplication.java:1306)
	at org.springframework.boot.SpringApplication.run(SpringApplication.java:1295)
	at com.logging.springbootlogging.SpringBootLoggingApplication.main(SpringBootLoggingApplication.java:25)
	at sun.reflect.NativeMethodAccessorImpl.invoke0(Native Method)
	at sun.reflect.NativeMethodAccessorImpl.invoke(NativeMethodAccessorImpl.java:62)
	at sun.reflect.DelegatingMethodAccessorImpl.invoke(DelegatingMethodAccessorImpl.java:43)
	at java.lang.reflect.Method.invoke(Method.java:498)
	at org.springframework.boot.devtools.restart.RestartLauncher.run(RestartLauncher.java:49)
Caused by: java.lang.IllegalStateException: Logback configuration error detected: 
ERROR in ch.qos.logback.core.pattern.parser.Compiler@2ed94a8b - Failed to instantiate converter class [ch.qos.logback.classic.pattern.LoggerConverter] as a composite converter for keyword [logger] ch.qos.logback.core.util.IncompatibleClassException
ERROR in ch.qos.logback.core.pattern.parser.Compiler@2ed94a8b - Failed to create converter for [%logger] keyword
ERROR in ch.qos.logback.core.pattern.parser.Compiler@42d3bd8b - Failed to instantiate converter class [ch.qos.logback.classic.pattern.LoggerConverter] as a composite converter for keyword [logger] ch.qos.logback.core.util.IncompatibleClassException
ERROR in ch.qos.logback.core.pattern.parser.Compiler@42d3bd8b - Failed to create converter for [%logger] keyword
ERROR in ch.qos.logback.core.pattern.parser.Compiler@3b81a1bc - Failed to instantiate converter class [ch.qos.logback.classic.pattern.LoggerConverter] as a composite converter for keyword [logger] ch.qos.logback.core.util.IncompatibleClassException
ERROR in ch.qos.logback.core.pattern.parser.Compiler@3b81a1bc - Failed to create converter for [%logger] keyword
ERROR in ch.qos.logback.core.pattern.parser.Compiler@684dd7a1 - Failed to instantiate converter class [ch.qos.logback.classic.pattern.LoggerConverter] as a composite converter for keyword [logger] ch.qos.logback.core.util.IncompatibleClassException
ERROR in ch.qos.logback.core.pattern.parser.Compiler@684dd7a1 - Failed to create converter for [%logger] keyword
ERROR in ch.qos.logback.core.pattern.parser.Compiler@2ebee7e2 - Failed to instantiate converter class [ch.qos.logback.classic.pattern.LoggerConverter] as a composite converter for keyword [logger] ch.qos.logback.core.util.IncompatibleClassException
ERROR in ch.qos.logback.core.pattern.parser.Compiler@2ebee7e2 - Failed to create converter for [%logger] keyword
ERROR in ch.qos.logback.core.pattern.parser.Compiler@2bb62b58 - Failed to instantiate converter class [ch.qos.logback.classic.pattern.LoggerConverter] as a composite converter for keyword [logger] ch.qos.logback.core.util.IncompatibleClassException
ERROR in ch.qos.logback.core.pattern.parser.Compiler@2bb62b58 - Failed to create converter for [%logger] keyword
	at org.springframework.boot.logging.logback.LogbackLoggingSystem.loadConfiguration(LogbackLoggingSystem.java:179)
	at org.springframework.boot.logging.AbstractLoggingSystem.initializeWithConventions(AbstractLoggingSystem.java:80)
	at org.springframework.boot.logging.AbstractLoggingSystem.initialize(AbstractLoggingSystem.java:60)
	at org.springframework.boot.logging.logback.LogbackLoggingSystem.initialize(LogbackLoggingSystem.java:132)
	at org.springframework.boot.context.logging.LoggingApplicationListener.initializeSystem(LoggingApplicationListener.java:329)
	... 23 common frames omitted
2022-09-06 12:37:30 [restartedMain] INFO  c.l.s.SpringBootLoggingApplication -
                Starting SpringBootLoggingApplication using Java 1.8.0_202 on NowSRI with PID 16712 (E:\WORKSPACE\SpringBootLogging\target\classes started by Lavanya in E:\WORKSPACE\SpringBootLogging)
2022-09-06 12:37:30 [restartedMain] DEBUG c.l.s.SpringBootLoggingApplication -
                Running with Spring Boot v2.7.3, Spring v5.3.22
2022-09-06 12:37:30 [restartedMain] INFO  c.l.s.SpringBootLoggingApplication -
                No active profile set, falling back to 1 default profile: "default"
2022-09-06 12:37:38 [restartedMain] INFO  c.l.s.SpringBootLoggingApplication -
                Started SpringBootLoggingApplication in 9.188 seconds (JVM running for 10.933)
2022-09-06 12:37:47 [http-nio-8080-exec-1] DEBUG c.l.s.SpringBootLoggingApplication -
                RequestBhuvi
2022-09-06 12:37:47 [http-nio-8080-exec-1] DEBUG c.l.s.SpringBootLoggingApplication -
                ResponseHiBhuviWelcome to home
2022-09-06 12:39:29 [http-nio-8080-exec-4] DEBUG c.l.s.SpringBootLoggingApplication -
                Requesttest
